DEPRECATION WARNING: ActiveRecord::Base.raise_in_transactional_callbacks= is deprecated, has no effect and will be removed without replacement. (called from <top (required)> at /Users/appacademy/Desktop/app-academy/curriculum/html-css/projects/aa_times/skeleton/config/environment.rb:5)
DEPRECATION WARNING: Passing #original_exception is deprecated and has no effect. Exceptions will automatically capture the original exception. (called from require at /Users/appacademy/Desktop/app-academy/curriculum/html-css/projects/aa_times/skeleton/bin/rails:9)
DEPRECATION WARNING: ActiveRecord::Base.raise_in_transactional_callbacks= is deprecated, has no effect and will be removed without replacement. (called from require at /Users/appacademy/Desktop/app-academy/curriculum/html-css/projects/aa_times/skeleton/bin/rails:9)
  [1m[35m (6.2ms)[0m  [1m[35mCREATE TABLE "schema_migrations" ("version" varchar NOT NULL PRIMARY KEY)[0m
  [1m[35m (2.7ms)[0m  [1m[35mCREATE TABLE "ar_internal_metadata" ("key" varchar NOT NULL PRIMARY KEY, "value" varchar, "created_at" datetime NOT NULL, "updated_at" datetime NOT NULL)[0m
  [1m[36mActiveRecord::InternalMetadata Load (0.3ms)[0m  [1m[34mSELECT  "ar_internal_metadata".* FROM "ar_internal_metadata" WHERE "ar_internal_metadata"."key" = ? LIMIT ?[0m  [["key", "environment"], ["LIMIT", 1]]
  [1m[35m (0.1ms)[0m  [1m[36mbegin transaction[0m
  [1m[35mSQL (0.5ms)[0m  [1m[32mINSERT INTO "ar_internal_metadata" ("key", "value", "created_at", "updated_at") VALUES (?, ?, ?, ?)[0m  [["key", "environment"], ["value", "development"], ["created_at", "2018-05-08 13:28:35.437337"], ["updated_at", "2018-05-08 13:28:35.437337"]]
  [1m[35m (2.2ms)[0m  [1m[36mcommit transaction[0m
  [1m[36mActiveRecord::SchemaMigration Load (0.1ms)[0m  [1m[34mSELECT "schema_migrations".* FROM "schema_migrations"[0m
Started GET "/" for ::1 at 2018-05-08 09:29:10 -0400
DEPRECATION WARNING: ActiveRecord::Base.raise_in_transactional_callbacks= is deprecated, has no effect and will be removed without replacement. (called from block (3 levels) in <class:Railtie> at /usr/local/var/rbenv/versions/2.3.1/lib/ruby/gems/2.3.0/gems/activerecord-5.0.7/lib/active_record/railtie.rb:113)
Processing by StaticPagesController#index as HTML
  Rendering static_pages/index.html.erb within layouts/application
  Rendered shared/_main_nav.html.erb (0.7ms)
  Rendered shared/_masthead.html.erb (0.5ms)
  Rendered shared/_sections_nav.html.erb (0.9ms)
  Rendered shared/_search_modal.html.erb (0.5ms)
  Rendered shared/_main_content.html.erb (0.4ms)
  Rendered static_pages/index.html.erb within layouts/application (32.0ms)
Completed 200 OK in 817ms (Views: 810.1ms | ActiveRecord: 0.0ms)


Started GET "/assets/components/dropdown.self-815016af6fab1d5b72abd319213bf62f0c42bab2c585d2e059543ae704a0d74c.js?body=1" for ::1 at 2018-05-08 09:29:11 -0400
Started GET "/assets/components/modal.self-52188644dbb47def5ee35ae02e69eb567ca9b664472357a8a5789dd39032a265.js?body=1" for ::1 at 2018-05-08 09:29:11 -0400
Started GET "/assets/components/sidebar.self-2a1277f850a6fa21e1a974ef5152f177ac05516477d5081d593bb137b3d6808b.js?body=1" for ::1 at 2018-05-08 09:29:11 -0400
Started GET "/assets/application.self-f571b9db02bf4ed04c38a6a29072ac382f7d4f47db1fab9817aeadb0d8665235.js?body=1" for ::1 at 2018-05-08 09:29:11 -0400
Started GET "/assets/application.self-b663423749731f7aefc12aab04903643ffbbfafb45fcfb66496adb852614caef.css?body=1" for ::1 at 2018-05-08 09:29:11 -0400
Started GET "/" for ::1 at 2018-11-19 11:22:27 -0800
DEPRECATION WARNING: ActiveRecord::Base.raise_in_transactional_callbacks= is deprecated, has no effect and will be removed without replacement. (called from block (3 levels) in <class:Railtie> at /usr/local/var/rbenv/versions/2.5.0/lib/ruby/gems/2.5.0/gems/activerecord-5.0.7/lib/active_record/railtie.rb:113)
Processing by StaticPagesController#index as HTML
  Rendering static_pages/index.html.erb within layouts/application
  Rendered shared/_main_nav.html.erb (0.6ms)
  Rendered shared/_masthead.html.erb (0.5ms)
  Rendered shared/_sections_nav.html.erb (0.7ms)
  Rendered shared/_search_modal.html.erb (0.4ms)
  Rendered shared/_main_content.html.erb (0.7ms)
  Rendered static_pages/index.html.erb within layouts/application (37.6ms)
Completed 200 OK in 1328ms (Views: 1323.4ms | ActiveRecord: 0.0ms)


Started GET "/assets/jquery.self-bd7ddd393353a8d2480a622e80342adf488fb6006d667e8b42e4c0073393abee.js?body=1" for ::1 at 2018-11-19 11:22:29 -0800
Started GET "/assets/jquery_ujs.self-784a997f6726036b1993eb2217c9cb558e1cbb801c6da88105588c56f13b466a.js?body=1" for ::1 at 2018-11-19 11:22:29 -0800
Started GET "/assets/application.self-b669685521e7bbb976dd44d1bb8734f919d93ea75f3749c1cd6eda4f2b563613.css?body=1" for ::1 at 2018-11-19 11:22:29 -0800
Started GET "/assets/components/dropdown.self-815016af6fab1d5b72abd319213bf62f0c42bab2c585d2e059543ae704a0d74c.js?body=1" for ::1 at 2018-11-19 11:22:29 -0800
Started GET "/assets/components/modal.self-52188644dbb47def5ee35ae02e69eb567ca9b664472357a8a5789dd39032a265.js?body=1" for ::1 at 2018-11-19 11:22:29 -0800
Started GET "/assets/components/sidebar.self-2a1277f850a6fa21e1a974ef5152f177ac05516477d5081d593bb137b3d6808b.js?body=1" for ::1 at 2018-11-19 11:22:29 -0800
Started GET "/assets/application.self-f571b9db02bf4ed04c38a6a29072ac382f7d4f47db1fab9817aeadb0d8665235.js?body=1" for ::1 at 2018-11-19 11:22:29 -0800
Started GET "/assets/application.self-b669685521e7bbb976dd44d1bb8734f919d93ea75f3749c1cd6eda4f2b563613.css?body=1&livereload=1542655676011" for ::1 at 2018-11-19 11:27:56 -0800
Started GET "/assets/application.self-b669685521e7bbb976dd44d1bb8734f919d93ea75f3749c1cd6eda4f2b563613.css?body=1&livereload=1542655676014" for ::1 at 2018-11-19 11:27:56 -0800
Started GET "/assets/application.self-b669685521e7bbb976dd44d1bb8734f919d93ea75f3749c1cd6eda4f2b563613.css?body=1&livereload=1542655777338" for ::1 at 2018-11-19 11:29:37 -0800
Started GET "/assets/application.self-b669685521e7bbb976dd44d1bb8734f919d93ea75f3749c1cd6eda4f2b563613.css?body=1&livereload=1542655777339" for ::1 at 2018-11-19 11:29:37 -0800
Started GET "/assets/application.self-b669685521e7bbb976dd44d1bb8734f919d93ea75f3749c1cd6eda4f2b563613.css?body=1&livereload=1542655811352" for ::1 at 2018-11-19 11:30:11 -0800
Started GET "/assets/application.self-b669685521e7bbb976dd44d1bb8734f919d93ea75f3749c1cd6eda4f2b563613.css?body=1&livereload=1542655811353" for ::1 at 2018-11-19 11:30:11 -0800
Started GET "/assets/application.self-b669685521e7bbb976dd44d1bb8734f919d93ea75f3749c1cd6eda4f2b563613.css?body=1&livereload=1542655820965" for ::1 at 2018-11-19 11:30:20 -0800
Started GET "/assets/application.self-b669685521e7bbb976dd44d1bb8734f919d93ea75f3749c1cd6eda4f2b563613.css?body=1&livereload=1542655820967" for ::1 at 2018-11-19 11:30:20 -0800
Started GET "/assets/application.self-b669685521e7bbb976dd44d1bb8734f919d93ea75f3749c1cd6eda4f2b563613.css?body=1&livereload=1542655907490" for ::1 at 2018-11-19 11:31:47 -0800
Started GET "/assets/application.self-b669685521e7bbb976dd44d1bb8734f919d93ea75f3749c1cd6eda4f2b563613.css?body=1&livereload=1542655907492" for ::1 at 2018-11-19 11:31:47 -0800
Started GET "/assets/application.self-b669685521e7bbb976dd44d1bb8734f919d93ea75f3749c1cd6eda4f2b563613.css?body=1&livereload=1542655914830" for ::1 at 2018-11-19 11:31:54 -0800
Started GET "/assets/application.self-b669685521e7bbb976dd44d1bb8734f919d93ea75f3749c1cd6eda4f2b563613.css?body=1&livereload=1542655914832" for ::1 at 2018-11-19 11:31:54 -0800
Started GET "/assets/application.self-b669685521e7bbb976dd44d1bb8734f919d93ea75f3749c1cd6eda4f2b563613.css?body=1&livereload=1542655971928" for ::1 at 2018-11-19 11:32:51 -0800
Started GET "/assets/application.self-b669685521e7bbb976dd44d1bb8734f919d93ea75f3749c1cd6eda4f2b563613.css?body=1&livereload=1542655971928&livereload=1542655971928" for ::1 at 2018-11-19 11:32:51 -0800
Started GET "/assets/application.self-b669685521e7bbb976dd44d1bb8734f919d93ea75f3749c1cd6eda4f2b563613.css?body=1&livereload=1542656055720&livereload=1542655971928" for ::1 at 2018-11-19 11:34:15 -0800
Started GET "/assets/application.self-b669685521e7bbb976dd44d1bb8734f919d93ea75f3749c1cd6eda4f2b563613.css?body=1&livereload=1542656055722&livereload=1542655971928" for ::1 at 2018-11-19 11:34:15 -0800
Started GET "/assets/application.self-b669685521e7bbb976dd44d1bb8734f919d93ea75f3749c1cd6eda4f2b563613.css?body=1&livereload=1542656099367&livereload=1542655971928" for ::1 at 2018-11-19 11:34:59 -0800
Started GET "/assets/application.self-b669685521e7bbb976dd44d1bb8734f919d93ea75f3749c1cd6eda4f2b563613.css?body=1&livereload=1542656099370&livereload=1542655971928" for ::1 at 2018-11-19 11:34:59 -0800
Started GET "/assets/application.self-b669685521e7bbb976dd44d1bb8734f919d93ea75f3749c1cd6eda4f2b563613.css?body=1&livereload=1542656121730&livereload=1542655971928" for ::1 at 2018-11-19 11:35:21 -0800
Started GET "/assets/application.self-b669685521e7bbb976dd44d1bb8734f919d93ea75f3749c1cd6eda4f2b563613.css?body=1&livereload=1542656121732&livereload=1542655971928" for ::1 at 2018-11-19 11:35:21 -0800
Started GET "/assets/application.self-b669685521e7bbb976dd44d1bb8734f919d93ea75f3749c1cd6eda4f2b563613.css?body=1&livereload=1542656191109&livereload=1542655971928" for ::1 at 2018-11-19 11:36:31 -0800
Started GET "/assets/application.self-b669685521e7bbb976dd44d1bb8734f919d93ea75f3749c1cd6eda4f2b563613.css?body=1&livereload=1542656191107&livereload=1542655971928" for ::1 at 2018-11-19 11:36:31 -0800
Started GET "/assets/application.self-b669685521e7bbb976dd44d1bb8734f919d93ea75f3749c1cd6eda4f2b563613.css?body=1&livereload=1542656204305&livereload=1542655971928" for ::1 at 2018-11-19 11:36:44 -0800
Started GET "/assets/application.self-b669685521e7bbb976dd44d1bb8734f919d93ea75f3749c1cd6eda4f2b563613.css?body=1&livereload=1542656204306&livereload=1542655971928" for ::1 at 2018-11-19 11:36:44 -0800
Started GET "/assets/application.self-b669685521e7bbb976dd44d1bb8734f919d93ea75f3749c1cd6eda4f2b563613.css?body=1&livereload=1542656241946&livereload=1542655971928" for ::1 at 2018-11-19 11:37:21 -0800
Started GET "/assets/application.self-b669685521e7bbb976dd44d1bb8734f919d93ea75f3749c1cd6eda4f2b563613.css?body=1&livereload=1542656241948&livereload=1542655971928" for ::1 at 2018-11-19 11:37:21 -0800
Started GET "/assets/application.self-b669685521e7bbb976dd44d1bb8734f919d93ea75f3749c1cd6eda4f2b563613.css?body=1&livereload=1542656260633&livereload=1542655971928" for ::1 at 2018-11-19 11:37:40 -0800
Started GET "/assets/application.self-b669685521e7bbb976dd44d1bb8734f919d93ea75f3749c1cd6eda4f2b563613.css?body=1&livereload=1542656260643&livereload=1542655971928" for ::1 at 2018-11-19 11:37:40 -0800
Started GET "/assets/application.self-b669685521e7bbb976dd44d1bb8734f919d93ea75f3749c1cd6eda4f2b563613.css?body=1&livereload=1542656280000&livereload=1542655971928" for ::1 at 2018-11-19 11:38:00 -0800
Started GET "/assets/application.self-b669685521e7bbb976dd44d1bb8734f919d93ea75f3749c1cd6eda4f2b563613.css?body=1&livereload=1542656280001&livereload=1542655971928" for ::1 at 2018-11-19 11:38:00 -0800
Started GET "/assets/application.self-b669685521e7bbb976dd44d1bb8734f919d93ea75f3749c1cd6eda4f2b563613.css?body=1&livereload=1542656327325&livereload=1542655971928" for ::1 at 2018-11-19 11:38:47 -0800
Started GET "/assets/application.self-b669685521e7bbb976dd44d1bb8734f919d93ea75f3749c1cd6eda4f2b563613.css?body=1&livereload=1542656327326&livereload=1542655971928" for ::1 at 2018-11-19 11:38:47 -0800
Started GET "/assets/application.self-b669685521e7bbb976dd44d1bb8734f919d93ea75f3749c1cd6eda4f2b563613.css?body=1&livereload=1542656382303&livereload=1542655971928" for ::1 at 2018-11-19 11:39:42 -0800
Started GET "/assets/application.self-b669685521e7bbb976dd44d1bb8734f919d93ea75f3749c1cd6eda4f2b563613.css?body=1&livereload=1542656382304&livereload=1542655971928" for ::1 at 2018-11-19 11:39:42 -0800
Started GET "/assets/application.self-b669685521e7bbb976dd44d1bb8734f919d93ea75f3749c1cd6eda4f2b563613.css?body=1&livereload=1542656386464&livereload=1542655971928" for ::1 at 2018-11-19 11:39:46 -0800
Started GET "/assets/application.self-b669685521e7bbb976dd44d1bb8734f919d93ea75f3749c1cd6eda4f2b563613.css?body=1&livereload=1542656386464&livereload=1542655971928&livereload=1542656386464" for ::1 at 2018-11-19 11:39:46 -0800
Started GET "/assets/application.self-b669685521e7bbb976dd44d1bb8734f919d93ea75f3749c1cd6eda4f2b563613.css?body=1&livereload=1542656399948&livereload=1542655971928&livereload=1542656386464" for ::1 at 2018-11-19 11:39:59 -0800
Started GET "/assets/application.self-b669685521e7bbb976dd44d1bb8734f919d93ea75f3749c1cd6eda4f2b563613.css?body=1&livereload=1542656399949&livereload=1542655971928&livereload=1542656386464" for ::1 at 2018-11-19 11:39:59 -0800
Started GET "/assets/application.self-b669685521e7bbb976dd44d1bb8734f919d93ea75f3749c1cd6eda4f2b563613.css?body=1&livereload=1542656516646&livereload=1542655971928&livereload=1542656386464" for ::1 at 2018-11-19 11:41:56 -0800
Started GET "/assets/application.self-b669685521e7bbb976dd44d1bb8734f919d93ea75f3749c1cd6eda4f2b563613.css?body=1&livereload=1542656516646&livereload=1542655971928&livereload=1542656386464&livereload=1542656516646" for ::1 at 2018-11-19 11:41:56 -0800
Started GET "/assets/application.self-b669685521e7bbb976dd44d1bb8734f919d93ea75f3749c1cd6eda4f2b563613.css?body=1&livereload=1542656525863&livereload=1542655971928&livereload=1542656386464&livereload=1542656516646" for ::1 at 2018-11-19 11:42:05 -0800
Started GET "/assets/application.self-b669685521e7bbb976dd44d1bb8734f919d93ea75f3749c1cd6eda4f2b563613.css?body=1&livereload=1542656525865&livereload=1542655971928&livereload=1542656386464&livereload=1542656516646" for ::1 at 2018-11-19 11:42:05 -0800
Started GET "/assets/application.self-b669685521e7bbb976dd44d1bb8734f919d93ea75f3749c1cd6eda4f2b563613.css?body=1&livereload=1542656527811&livereload=1542655971928&livereload=1542656386464&livereload=1542656516646" for ::1 at 2018-11-19 11:42:07 -0800
Started GET "/assets/application.self-b669685521e7bbb976dd44d1bb8734f919d93ea75f3749c1cd6eda4f2b563613.css?body=1&livereload=1542656527813&livereload=1542655971928&livereload=1542656386464&livereload=1542656516646" for ::1 at 2018-11-19 11:42:07 -0800
Started GET "/assets/application.self-b669685521e7bbb976dd44d1bb8734f919d93ea75f3749c1cd6eda4f2b563613.css?body=1&livereload=1542656539065&livereload=1542655971928&livereload=1542656386464&livereload=1542656516646" for ::1 at 2018-11-19 11:42:19 -0800
Started GET "/assets/application.self-b669685521e7bbb976dd44d1bb8734f919d93ea75f3749c1cd6eda4f2b563613.css?body=1&livereload=1542656539067&livereload=1542655971928&livereload=1542656386464&livereload=1542656516646" for ::1 at 2018-11-19 11:42:19 -0800
Started GET "/assets/application.self-b669685521e7bbb976dd44d1bb8734f919d93ea75f3749c1cd6eda4f2b563613.css?body=1&livereload=1542656539523&livereload=1542655971928&livereload=1542656386464&livereload=1542656516646" for ::1 at 2018-11-19 11:42:19 -0800
Started GET "/assets/application.self-b669685521e7bbb976dd44d1bb8734f919d93ea75f3749c1cd6eda4f2b563613.css?body=1&livereload=1542656539525&livereload=1542655971928&livereload=1542656386464&livereload=1542656516646" for ::1 at 2018-11-19 11:42:19 -0800
Started GET "/assets/application.self-b669685521e7bbb976dd44d1bb8734f919d93ea75f3749c1cd6eda4f2b563613.css?body=1&livereload=1542656665922&livereload=1542655971928&livereload=1542656386464&livereload=1542656516646" for ::1 at 2018-11-19 11:44:26 -0800
Started GET "/assets/application.self-b669685521e7bbb976dd44d1bb8734f919d93ea75f3749c1cd6eda4f2b563613.css?body=1&livereload=1542656665924&livereload=1542655971928&livereload=1542656386464&livereload=1542656516646" for ::1 at 2018-11-19 11:44:26 -0800
Started GET "/assets/application.self-b669685521e7bbb976dd44d1bb8734f919d93ea75f3749c1cd6eda4f2b563613.css?body=1&livereload=1542656724707&livereload=1542655971928&livereload=1542656386464&livereload=1542656516646" for ::1 at 2018-11-19 11:45:24 -0800
Started GET "/assets/application.self-b669685521e7bbb976dd44d1bb8734f919d93ea75f3749c1cd6eda4f2b563613.css?body=1&livereload=1542656724709&livereload=1542655971928&livereload=1542656386464&livereload=1542656516646" for ::1 at 2018-11-19 11:45:24 -0800
Started GET "/assets/application.self-b669685521e7bbb976dd44d1bb8734f919d93ea75f3749c1cd6eda4f2b563613.css?body=1&livereload=1542656768393&livereload=1542655971928&livereload=1542656386464&livereload=1542656516646" for ::1 at 2018-11-19 11:46:08 -0800
Started GET "/assets/application.self-b669685521e7bbb976dd44d1bb8734f919d93ea75f3749c1cd6eda4f2b563613.css?body=1&livereload=1542656768389&livereload=1542655971928&livereload=1542656386464&livereload=1542656516646" for ::1 at 2018-11-19 11:46:08 -0800
Started GET "/assets/application.self-b669685521e7bbb976dd44d1bb8734f919d93ea75f3749c1cd6eda4f2b563613.css?body=1&livereload=1542656843554&livereload=1542655971928&livereload=1542656386464&livereload=1542656516646" for ::1 at 2018-11-19 11:47:23 -0800
Started GET "/assets/application.self-b669685521e7bbb976dd44d1bb8734f919d93ea75f3749c1cd6eda4f2b563613.css?body=1&livereload=1542656843558&livereload=1542655971928&livereload=1542656386464&livereload=1542656516646" for ::1 at 2018-11-19 11:47:23 -0800
Started GET "/assets/application.self-b669685521e7bbb976dd44d1bb8734f919d93ea75f3749c1cd6eda4f2b563613.css?body=1&livereload=1542656860077&livereload=1542655971928&livereload=1542656386464&livereload=1542656516646" for ::1 at 2018-11-19 11:47:40 -0800
Started GET "/assets/application.self-b669685521e7bbb976dd44d1bb8734f919d93ea75f3749c1cd6eda4f2b563613.css?body=1&livereload=1542656860079&livereload=1542655971928&livereload=1542656386464&livereload=1542656516646" for ::1 at 2018-11-19 11:47:40 -0800
